build/app/intermediates/manifest_merge_blame_file/release/manifest-merger-blame-release-report.txt
1<?xml version="1.0" encoding="utf-8"?>
2<manifest xmlns:android="http://schemas.android.com/apk/res/android"
3    package="com.example.app_wing"
4    android:versionCode="1"
5    android:versionName="1.0.0" >
6
7    <uses-sdk
8        android:minSdkVersion="21"
8-->src/main/AndroidManifest.xml
9        android:targetSdkVersion="34" />
9-->src/main/AndroidManifest.xml
10
11    <uses-permission android:name="android.permission.CAMERA" />
11-->src/main/AndroidManifest.xml:2:5-65
11-->src/main/AndroidManifest.xml:2:22-62
12    <uses-permission android:name="android.permission.RECORD_AUDIO" />
12-->src/main/AndroidManifest.xml:3:5-71
12-->src/main/AndroidManifest.xml:3:22-68
13    <uses-permission android:name="android.permission.ACCESS_NETWORK_STATE" />
13-->src/main/AndroidManifest.xml:4:5-79
13-->src/main/AndroidManifest.xml:4:22-76
14    <uses-permission android:name="android.permission.INTERNET" />
14-->src/main/AndroidManifest.xml:5:5-67
14-->src/main/AndroidManifest.xml:5:22-64
15
16    <uses-feature android:name="android.hardware.usb.host" />
16-->src/main/AndroidManifest.xml:6:5-62
16-->src/main/AndroidManifest.xml:6:19-59
17    <!--
18         Required to query activities that can process text, see:
19         https://developer.android.com/training/package-visibility and
20         https://developer.android.com/reference/android/content/Intent#ACTION_PROCESS_TEXT.
21
22         In particular, this is used by the Flutter engine in io.flutter.plugin.text.ProcessTextPlugin.
23    -->
24    <queries>
24-->src/main/AndroidManifest.xml:45:5-50:15
25        <intent>
25-->src/main/AndroidManifest.xml:46:9-49:18
26            <action android:name="android.intent.action.PROCESS_TEXT" />
26-->src/main/AndroidManifest.xml:47:13-72
26-->src/main/AndroidManifest.xml:47:21-70
27
28            <data android:mimeType="text/plain" />
28-->src/main/AndroidManifest.xml:48:13-50
28-->src/main/AndroidManifest.xml:48:19-48
29        </intent>
30    </queries>
31
32    <permission
32-->[androidx.core:core:1.10.1] AndroidManifest.xml:22:5-24:47
33        android:name="com.example.app_wing.DYNAMIC_RECEIVER_NOT_EXPORTED_PERMISSION"
33-->[androidx.core:core:1.10.1] AndroidManifest.xml:23:9-81
34        android:protectionLevel="signature" />
34-->[androidx.core:core:1.10.1] AndroidManifest.xml:24:9-44
35
36    <uses-permission android:name="com.example.app_wing.DYNAMIC_RECEIVER_NOT_EXPORTED_PERMISSION" />
36-->[androidx.core:core:1.10.1] AndroidManifest.xml:26:5-97
36-->[androidx.core:core:1.10.1] AndroidManifest.xml:26:22-94
37
38    <application
39        android:name="android.app.Application"
39-->src/main/AndroidManifest.xml:10:9-42
40        android:appComponentFactory="androidx.core.app.CoreComponentFactory"
40-->[androidx.core:core:1.10.1] AndroidManifest.xml:28:18-86
41        android:icon="@mipmap/launcher_icon"
41-->src/main/AndroidManifest.xml:11:9-45
42        android:label="NOVA 209" >
42-->src/main/AndroidManifest.xml:9:9-33
43        <activity
43-->src/main/AndroidManifest.xml:12:9-33:20
44            android:name="com.example.app_wing.MainActivity"
44-->src/main/AndroidManifest.xml:13:13-41
45            android:configChanges="orientation|keyboardHidden|keyboard|screenSize|smallestScreenSize|locale|layoutDirection|fontScale|screenLayout|density|uiMode"
45-->src/main/AndroidManifest.xml:18:13-163
46            android:exported="true"
46-->src/main/AndroidManifest.xml:14:13-36
47            android:hardwareAccelerated="true"
47-->src/main/AndroidManifest.xml:19:13-47
48            android:launchMode="singleTop"
48-->src/main/AndroidManifest.xml:15:13-43
49            android:taskAffinity=""
49-->src/main/AndroidManifest.xml:16:13-36
50            android:theme="@style/LaunchTheme"
50-->src/main/AndroidManifest.xml:17:13-47
51            android:windowSoftInputMode="adjustResize" >
51-->src/main/AndroidManifest.xml:20:13-55
52
53            <!--
54                 Specifies an Android theme to apply to this Activity as soon as
55                 the Android process has started. This theme is visible to the user
56                 while the Flutter UI initializes. After that, this theme continues
57                 to determine the Window background behind the Flutter UI.
58            -->
59            <meta-data
59-->src/main/AndroidManifest.xml:25:13-28:17
60                android:name="io.flutter.embedding.android.NormalTheme"
60-->src/main/AndroidManifest.xml:26:15-70
61                android:resource="@style/NormalTheme" />
61-->src/main/AndroidManifest.xml:27:15-52
62
63            <intent-filter>
63-->src/main/AndroidManifest.xml:29:13-32:29
64                <action android:name="android.intent.action.MAIN" />
64-->src/main/AndroidManifest.xml:30:17-68
64-->src/main/AndroidManifest.xml:30:25-66
65
66                <category android:name="android.intent.category.LAUNCHER" />
66-->src/main/AndroidManifest.xml:31:17-76
66-->src/main/AndroidManifest.xml:31:27-74
67            </intent-filter>
68        </activity>
69        <!--
70             Don't delete the meta-data below.
71             This is used by the Flutter tool to generate GeneratedPluginRegistrant.java
72        -->
73        <meta-data
73-->src/main/AndroidManifest.xml:36:9-38:33
74            android:name="flutterEmbedding"
74-->src/main/AndroidManifest.xml:37:13-44
75            android:value="2" />
75-->src/main/AndroidManifest.xml:38:13-30
76
77        <uses-library
77-->[androidx.window:window:1.0.0-beta04] AndroidManifest.xml:25:9-27:40
78            android:name="androidx.window.extensions"
78-->[androidx.window:window:1.0.0-beta04] AndroidManifest.xml:26:13-54
79            android:required="false" />
79-->[androidx.window:window:1.0.0-beta04] AndroidManifest.xml:27:13-37
80        <uses-library
80-->[androidx.window:window:1.0.0-beta04] AndroidManifest.xml:28:9-30:40
81            android:name="androidx.window.sidecar"
81-->[androidx.window:window:1.0.0-beta04] AndroidManifest.xml:29:13-51
82            android:required="false" />
82-->[androidx.window:window:1.0.0-beta04] AndroidManifest.xml:30:13-37
83    </application>
84
85</manifest>